<?xml version="1.0" encoding="utf-8"?><testsuites name="pytest tests"><testsuite name="pytest" errors="0" failures="0" skipped="0" tests="12" time="13.478" timestamp="2026-07-21T08:58:24.197336+00:00" hostname="agent-env-29005b34-f724-4ac0-991e-03704c252822"><testcase classname="tests.test_batch_fixes.TestLogin" name="test_login_success" time="0.610" /><testcase classname="tests.test_batch_fixes.TestDuplicatePhoneEmail" name="test_duplicate_phone_returns_400" time="3.208" /><testcase classname="tests.test_batch_fixes.TestDuplicatePhoneEmail" name="test_duplicate_email_returns_400" time="2.519" /><testcase classname="tests.test_batch_fixes.TestAdminAsMember" name="test_admin_list_returns_member_field" time="0.371" /><testcase classname="tests.test_batch_fixes.TestAdminAsMember" name="test_link_admin_creates_member_profile" time="3.218" /><testcase classname="tests.test_batch_fixes.TestAdminAsMember" name="test_link_admin_missing_fields_returns_400" time="0.464" /><testcase classname="tests.test_batch_fixes.TestAdminAsMember" name="test_link_admin_nonexistent_admin_returns_404" time="0.296" /><testcase classname="tests.test_batch_fixes.TestPasswordValidation" name="test_member_short_password_rejected" time="0.364" /><testcase classname="tests.test_batch_fixes.TestPasswordValidation" name="test_member_7_char_password_rejected" time="0.360" /><testcase classname="tests.test_batch_fixes.TestPasswordValidation" name="test_member_8_char_password_accepted" time="1.564" /><testcase classname="tests.test_batch_fixes.TestPasswordValidation" name="test_admin_short_password_rejected" time="0.234" /><testcase classname="tests.test_batch_fixes.TestPasswordValidation" name="test_admin_7_char_password_rejected" time="0.233" /></testsuite></testsuites>