<?xml version="1.0" encoding="utf-8"?><testsuites name="pytest tests"><testsuite name="pytest" errors="0" failures="0" skipped="0" tests="15" time="16.366" timestamp="2026-07-19T01:48:04.466433+00:00" hostname="agent-env-29005b34-f724-4ac0-991e-03704c252822"><testcase classname="test_account_deletion.TestCredentials" name="test_super_admin_login" time="0.470" /><testcase classname="test_account_deletion.TestCredentials" name="test_delete_test_admin_login" time="0.413" /><testcase classname="test_account_deletion.TestPublicRoutes" name="test_get_public_associations" time="0.293" /><testcase classname="test_account_deletion.TestPublicRoutes" name="test_deletion_request_missing_fields" time="0.208" /><testcase classname="test_account_deletion.TestPublicRoutes" name="test_deletion_request_unknown_association" time="0.169" /><testcase classname="test_account_deletion.TestPublicRoutes" name="test_deletion_request_success" time="0.235" /><testcase classname="test_account_deletion.TestPlatformDeletionRequests" name="test_list_deletion_requests_requires_auth" time="0.094" /><testcase classname="test_account_deletion.TestPlatformDeletionRequests" name="test_list_deletion_requests_as_sa" time="0.582" /><testcase classname="test_account_deletion.TestPlatformDeletionRequests" name="test_process_deletion_request" time="0.281" /><testcase classname="test_account_deletion.TestPlatformDeletionRequests" name="test_process_deletion_request_invalid_status" time="0.124" /><testcase classname="test_account_deletion.TestDeleteMemberAccount" name="test_delete_member_flow" time="4.139" /><testcase classname="test_account_deletion.TestDeleteLastAdminProtection" name="test_setup_lonely_admin_and_block_deletion" time="1.646" /><testcase classname="test_account_deletion.TestDeleteLastAdminProtection" name="test_add_second_admin_then_first_can_delete" time="2.420" /><testcase classname="test_account_deletion.TestDeleteLastAdminProtection" name="test_cleanup" time="0.365" /><testcase classname="test_account_deletion.TestPaymentHistoryPreserved" name="test_payments_preserved" time="4.875" /></testsuite></testsuites>