<?xml version="1.0" encoding="utf-8"?><testsuites name="pytest tests"><testsuite name="pytest" errors="0" failures="0" skipped="0" tests="7" time="6.180" timestamp="2026-07-20T17:04:54.647470+00:00" hostname="agent-env-29005b34-f724-4ac0-991e-03704c252822"><testcase classname="backend.tests.test_export_pdf.TestExportPDF" name="test_export_pdf_returns_pdf" time="2.052" /><testcase classname="backend.tests.test_export_pdf.TestExportPDF" name="test_pdf_contains_member_info" time="0.784" /><testcase classname="backend.tests.test_export_pdf.TestExportPDF" name="test_pdf_content_disposition_filename" time="0.735" /><testcase classname="backend.tests.test_export_pdf.TestExportPDF" name="test_export_pdf_unauthorized_without_token" time="0.108" /><testcase classname="backend.tests.test_export_pdf.TestExportPDF" name="test_export_pdf_nonexistent_member_returns_404" time="0.388" /><testcase classname="backend.tests.test_export_pdf.TestExportPDF" name="test_export_pdf_with_year_filter" time="0.884" /><testcase classname="backend.tests.test_export_pdf.TestExportPDF" name="test_export_pdf_member_role_forbidden" time="1.204" /></testsuite></testsuites>