<?xml version="1.0" encoding="utf-8"?><testsuites name="pytest tests"><testsuite name="pytest" errors="0" failures="0" skipped="0" tests="12" time="61.950" timestamp="2026-07-19T12:56:11.339736+00:00" hostname="agent-env-29005b34-f724-4ac0-991e-03704c252822"><testcase classname="test_member_field_label_and_year_update.TestMemberFieldLabelDefaults" name="test_amicale_default_fonction" time="1.505" /><testcase classname="test_member_field_label_and_year_update.TestMemberFieldLabelDefaults" name="test_syndicat_default_villa" time="1.346" /><testcase classname="test_member_field_label_and_year_update.TestMemberFieldLabelDefaults" name="test_association_default_fonction" time="1.118" /><testcase classname="test_member_field_label_and_year_update.TestAssociationSettingsEdit" name="test_admin_can_update_member_field_label" time="2.205" /><testcase classname="test_member_field_label_and_year_update.TestAssociationSettingsEdit" name="test_reject_empty_label" time="2.092" /><testcase classname="test_member_field_label_and_year_update.TestAssociationSettingsEdit" name="test_reject_non_admin" time="3.116" /><testcase classname="test_member_field_label_and_year_update.TestAssociationSettingsEdit" name="test_unauthenticated_rejected" time="0.101" /><testcase classname="test_member_field_label_and_year_update.TestYearNumberUpdate" name="test_update_year_number" time="2.165" /><testcase classname="test_member_field_label_and_year_update.TestYearNumberUpdate" name="test_update_year_conflict" time="2.835" /><testcase classname="test_member_field_label_and_year_update.TestYearNumberUpdate" name="test_update_year_invalid_number" time="2.065" /><testcase classname="test_member_field_label_and_year_update.TestYearNumberUpdate" name="test_payments_persist_after_year_number_change" time="43.266" /><testcase classname="test_member_field_label_and_year_update.TestYearNumberUpdate" name="test_non_admin_cannot_update_year" time="0.101" /></testsuite></testsuites>