<?xml version="1.0" encoding="utf-8"?><testsuites name="pytest tests"><testsuite name="pytest" errors="0" failures="0" skipped="0" tests="10" time="31.694" timestamp="2026-07-21T12:22:11.621327+00:00" hostname="agent-env-29005b34-f724-4ac0-991e-03704c252822"><testcase classname="backend.tests.test_kotiz_corrections.TestPaymentsMyYear" name="test_requires_authentication" time="0.279" /><testcase classname="backend.tests.test_kotiz_corrections.TestPaymentsMyYear" name="test_admin_without_member_returns_404" time="2.116" /><testcase classname="backend.tests.test_kotiz_corrections.TestPaymentsMyYear" name="test_invalid_year_id_returns_404" time="0.328" /><testcase classname="backend.tests.test_kotiz_corrections.TestExceptionalMine" name="test_requires_authentication" time="0.099" /><testcase classname="backend.tests.test_kotiz_corrections.TestExceptionalMine" name="test_admin_without_member_returns_404" time="0.575" /><testcase classname="backend.tests.test_kotiz_corrections.TestAdminRoutesProtected" name="test_payments_year_admin_accessible" time="0.722" /><testcase classname="backend.tests.test_kotiz_corrections.TestAdminRoutesProtected" name="test_exceptional_list_admin_accessible" time="0.390" /><testcase classname="backend.tests.test_kotiz_corrections.TestAdminRoutesProtected" name="test_payments_year_requires_auth" time="0.102" /><testcase classname="backend.tests.test_kotiz_corrections.TestAdminRoutesProtected" name="test_exceptional_list_requires_auth" time="0.102" /><testcase classname="backend.tests.test_kotiz_corrections.TestAccountLockout" name="test_lockout_after_5_failures_then_success_resets" time="26.941" /></testsuite></testsuites>