<?xml version="1.0" encoding="utf-8"?><testsuites name="pytest tests"><testsuite name="pytest" errors="0" failures="0" skipped="0" tests="7" time="0.127" timestamp="2026-08-20T12:27:26.778084+00:00" hostname="agent-env-571a5842-ee7e-44d7-be95-1f6c9fcda0c6"><testcase classname="backend.tests.test_members_approval_status.TestMembersListShape" name="test_status_200_and_is_list" time="0.095" /><testcase classname="backend.tests.test_members_approval_status.TestMembersListShape" name="test_each_member_has_required_keys" time="0.000" /><testcase classname="backend.tests.test_members_approval_status.TestMembersListShape" name="test_approval_status_values_are_valid" time="0.000" /><testcase classname="backend.tests.test_members_approval_status.TestMembersListShape" name="test_no_mongodb_object_id_field" time="0.000" /><testcase classname="backend.tests.test_members_approval_status.TestPendingMemberVisible" name="test_pending_member_present_with_active_true" time="0.000" /><testcase classname="backend.tests.test_members_approval_status.TestApprovedMemberVisible" name="test_approved_member_present" time="0.000" /><testcase classname="backend.tests.test_members_approval_status.TestMembersListAccessControl" name="test_requires_auth" time="0.002" /></testsuite></testsuites>