<?xml version="1.0" encoding="utf-8"?><testsuites name="pytest tests"><testsuite name="pytest" errors="0" failures="0" skipped="0" tests="10" time="3.981" timestamp="2026-08-19T22:53:41.222921+00:00" hostname="agent-env-571a5842-ee7e-44d7-be95-1f6c9fcda0c6"><testcase classname="backend.tests.test_payment_notes_clear.TestPostPaymentNotesClear" name="test_1_create_with_notes_persists" time="0.855" /><testcase classname="backend.tests.test_payment_notes_clear.TestPostPaymentNotesClear" name="test_2_update_with_empty_notes_CLEARS_note" time="0.474" /><testcase classname="backend.tests.test_payment_notes_clear.TestPostPaymentNotesClear" name="test_3_update_without_notes_key_KEEPS_existing" time="0.342" /><testcase classname="backend.tests.test_payment_notes_clear.TestPostPaymentNotesClear" name="test_4_create_without_notes_yields_null" time="0.270" /><testcase classname="backend.tests.test_payment_notes_clear.TestPostPaymentNotesClear" name="test_5_create_with_empty_notes_yields_null" time="0.274" /><testcase classname="backend.tests.test_payment_notes_clear.TestPostPaymentNotesClear" name="test_6_amount_and_date_not_regressed" time="0.335" /><testcase classname="backend.tests.test_payment_notes_clear.TestPutPaymentNotesClear" name="test_1_put_empty_notes_CLEARS" time="0.395" /><testcase classname="backend.tests.test_payment_notes_clear.TestPutPaymentNotesClear" name="test_2_put_without_notes_key_KEEPS" time="0.330" /><testcase classname="backend.tests.test_payment_notes_clear.TestPutPaymentNotesClear" name="test_3_put_with_notes_updates" time="0.341" /><testcase classname="backend.tests.test_payment_notes_clear.TestPutPaymentNotesClear" name="test_4_put_no_regression_on_amount_and_date" time="0.343" /></testsuite></testsuites>