<?xml version="1.0" encoding="utf-8"?><testsuites name="pytest tests"><testsuite name="pytest" errors="0" failures="0" skipped="0" tests="4" time="0.916" timestamp="2026-08-19T22:43:28.064051+00:00" hostname="agent-env-571a5842-ee7e-44d7-be95-1f6c9fcda0c6"><testcase classname="backend.tests.test_payment_notes.TestPaymentNotesContract" name="test_1_create_payment_with_notes_persists" time="0.472" /><testcase classname="backend.tests.test_payment_notes.TestPaymentNotesContract" name="test_2_update_payment_notes_is_updated" time="0.121" /><testcase classname="backend.tests.test_payment_notes.TestPaymentNotesContract" name="test_3_post_without_notes_is_backward_compatible" time="0.126" /><testcase classname="backend.tests.test_payment_notes.TestPaymentNotesContract" name="test_4_update_clears_or_keeps_notes_predictably" time="0.173" /></testsuite></testsuites>