<?xml version="1.0" encoding="utf-8"?><testsuites name="pytest tests"><testsuite name="pytest" errors="0" failures="0" skipped="0" tests="14" time="5.844" timestamp="2026-08-19T22:09:35.886751+00:00" hostname="agent-env-571a5842-ee7e-44d7-be95-1f6c9fcda0c6"><testcase classname="test_pending_registration.TestJoinRequestValidation" name="test_password_too_short_returns_400" time="0.057" /><testcase classname="test_pending_registration.TestJoinRequestValidation" name="test_missing_name_returns_400" time="0.004" /><testcase classname="test_pending_registration.TestJoinRequestValidation" name="test_unknown_association_returns_404" time="0.003" /><testcase classname="test_pending_registration.TestPendingFlow" name="test_create_pending_no_token" time="0.086" /><testcase classname="test_pending_registration.TestPendingFlow" name="test_duplicate_phone_returns_409" time="0.004" /><testcase classname="test_pending_registration.TestPendingFlow" name="test_pending_login_blocked_403" time="0.004" /><testcase classname="test_pending_registration.TestPendingFlow" name="test_admin_can_list_pending" time="0.083" /><testcase classname="test_pending_registration.TestPendingFlow" name="test_approve_pending_updates_count" time="0.005" /><testcase classname="test_pending_registration.TestPendingFlow" name="test_login_ok_after_approval" time="0.087" /><testcase classname="test_pending_registration.TestPendingFlow" name="test_pending_no_longer_in_list" time="0.005" /><testcase classname="test_pending_registration.TestRejectFlow" name="test_reject_deletes_user" time="5.479" /><testcase classname="test_pending_registration.TestAdminAuthRequired" name="test_pending_list_requires_auth" time="0.002" /><testcase classname="test_pending_registration.TestAdminAuthRequired" name="test_approve_requires_auth" time="0.002" /><testcase classname="test_pending_registration.TestAdminAuthRequired" name="test_empty_ids_returns_400" time="0.004" /></testsuite></testsuites>