<?xml version="1.0" encoding="utf-8"?><testsuites name="pytest tests"><testsuite name="pytest" errors="0" failures="0" skipped="9" tests="12" time="3.248" timestamp="2026-07-18T13:14:33.913055+00:00" hostname="agent-env-29005b34-f724-4ac0-991e-03704c252822"><testcase classname="backend.tests.test_superadmins_management.TestSuperAdminsList" name="test_list_requires_auth" time="0.276" /><testcase classname="backend.tests.test_superadmins_management.TestSuperAdminsList" name="test_list_returns_array" time="0.324"><skipped type="pytest.skip" message="SuperAdmin authentication failed: {&quot;error&quot;:&quot;Erreur serveur&quot;}">/app/backend/tests/test_superadmins_management.py:30: SuperAdmin authentication failed: {"error":"Erreur serveur"}</skipped></testcase><testcase classname="backend.tests.test_superadmins_management.TestSuperAdminsCreate" name="test_create_requires_auth" time="0.132" /><testcase classname="backend.tests.test_superadmins_management.TestSuperAdminsCreate" name="test_create_missing_fields" time="0.287"><skipped type="pytest.skip" message="SuperAdmin authentication failed: {&quot;error&quot;:&quot;Erreur serveur&quot;}">/app/backend/tests/test_superadmins_management.py:54: SuperAdmin authentication failed: {"error":"Erreur serveur"}</skipped></testcase><testcase classname="backend.tests.test_superadmins_management.TestSuperAdminsCreate" name="test_create_password_too_short" time="0.287"><skipped type="pytest.skip" message="SuperAdmin authentication failed: {&quot;error&quot;:&quot;Erreur serveur&quot;}">/app/backend/tests/test_superadmins_management.py:59: SuperAdmin authentication failed: {"error":"Erreur serveur"}</skipped></testcase><testcase classname="backend.tests.test_superadmins_management.TestSuperAdminsCreate" name="test_create_success_and_list_reflects" time="0.343"><skipped type="pytest.skip" message="SuperAdmin authentication failed: {&quot;error&quot;:&quot;Erreur serveur&quot;}">/app/backend/tests/test_superadmins_management.py:66: SuperAdmin authentication failed: {"error":"Erreur serveur"}</skipped></testcase><testcase classname="backend.tests.test_superadmins_management.TestSuperAdminsCreate" name="test_create_duplicate_email_rejected" time="0.301"><skipped type="pytest.skip" message="SuperAdmin authentication failed: {&quot;error&quot;:&quot;Erreur serveur&quot;}">/app/backend/tests/test_superadmins_management.py:92: SuperAdmin authentication failed: {"error":"Erreur serveur"}</skipped></testcase><testcase classname="backend.tests.test_superadmins_management.TestSuperAdminsDelete" name="test_delete_requires_auth" time="0.095" /><testcase classname="backend.tests.test_superadmins_management.TestSuperAdminsDelete" name="test_delete_cannot_delete_self" time="0.290"><skipped type="pytest.skip" message="SuperAdmin authentication failed: {&quot;error&quot;:&quot;Erreur serveur&quot;}">/app/backend/tests/test_superadmins_management.py:108: SuperAdmin authentication failed: {"error":"Erreur serveur"}</skipped></testcase><testcase classname="backend.tests.test_superadmins_management.TestSuperAdminsDelete" name="test_delete_nonexistent_returns_404" time="0.306"><skipped type="pytest.skip" message="SuperAdmin authentication failed: {&quot;error&quot;:&quot;Erreur serveur&quot;}">/app/backend/tests/test_superadmins_management.py:133: SuperAdmin authentication failed: {"error":"Erreur serveur"}</skipped></testcase><testcase classname="backend.tests.test_superadmins_management.TestSuperAdminsDelete" name="test_delete_last_superadmin_blocked" time="0.281"><skipped type="pytest.skip" message="SuperAdmin authentication failed: {&quot;error&quot;:&quot;Erreur serveur&quot;}">/app/backend/tests/test_superadmins_management.py:151: SuperAdmin authentication failed: {"error":"Erreur serveur"}</skipped></testcase><testcase classname="backend.tests.test_superadmins_management.TestNewSuperAdminCanLogin" name="test_created_superadmin_can_login" time="0.286"><skipped type="pytest.skip" message="SuperAdmin authentication failed: {&quot;error&quot;:&quot;Erreur serveur&quot;}">/app/backend/tests/test_superadmins_management.py:172: SuperAdmin authentication failed: {"error":"Erreur serveur"}</skipped></testcase></testsuite></testsuites>