<?xml version="1.0" encoding="utf-8"?><testsuites name="pytest tests"><testsuite name="pytest" errors="0" failures="0" skipped="0" tests="51" time="18.300" timestamp="2026-03-15T00:50:30.070310+00:00" hostname="agent-env-23f479de-2c68-4835-8332-71319d927440"><testcase classname="backend.tests.test_exceptional_and_vehicles.TestExceptionalContributions" name="test_list_exceptional_contributions" time="0.297" /><testcase classname="backend.tests.test_exceptional_and_vehicles.TestExceptionalContributions" name="test_create_exceptional_contribution" time="0.305" /><testcase classname="backend.tests.test_exceptional_and_vehicles.TestExceptionalContributions" name="test_create_exceptional_invalid_type" time="0.266" /><testcase classname="backend.tests.test_exceptional_and_vehicles.TestExceptionalContributions" name="test_create_exceptional_all_valid_types" time="0.771" /><testcase classname="backend.tests.test_exceptional_and_vehicles.TestExceptionalContributions" name="test_get_exceptional_detail" time="0.383" /><testcase classname="backend.tests.test_exceptional_and_vehicles.TestExceptionalContributions" name="test_update_exceptional_contribution" time="0.362" /><testcase classname="backend.tests.test_exceptional_and_vehicles.TestExceptionalPayments" name="test_add_exceptional_payment" time="0.543" /><testcase classname="backend.tests.test_exceptional_and_vehicles.TestExceptionalPayments" name="test_exceptional_payment_invalid_amount" time="0.503" /><testcase classname="backend.tests.test_exceptional_and_vehicles.TestVehicles" name="test_list_member_vehicles" time="0.432" /><testcase classname="backend.tests.test_exceptional_and_vehicles.TestVehicles" name="test_create_vehicle" time="0.442" /><testcase classname="backend.tests.test_health_and_auth.TestHealthCheck" name="test_api_root" time="0.101" /><testcase classname="backend.tests.test_health_and_auth.TestHealthCheck" name="test_get_associations_list" time="0.101" /><testcase classname="backend.tests.test_health_and_auth.TestSuperAdminAuth" name="test_superadmin_login_success" time="0.177" /><testcase classname="backend.tests.test_health_and_auth.TestSuperAdminAuth" name="test_superadmin_login_invalid_password" time="0.182" /><testcase classname="backend.tests.test_health_and_auth.TestSuperAdminAuth" name="test_superadmin_login_missing_fields" time="0.117" /><testcase classname="backend.tests.test_health_and_auth.TestSuperAdminAuth" name="test_superadmin_me_endpoint" time="0.243" /><testcase classname="backend.tests.test_health_and_auth.TestAdminAuth" name="test_admin_login_success" time="0.195" /><testcase classname="backend.tests.test_health_and_auth.TestAdminAuth" name="test_admin_login_wrong_association_code" time="0.107" /><testcase classname="backend.tests.test_health_and_auth.TestAdminAuth" name="test_admin_login_missing_association_code" time="0.103" /><testcase classname="backend.tests.test_health_and_auth.TestAdminAuth" name="test_admin_login_invalid_credentials" time="0.224" /><testcase classname="backend.tests.test_health_and_auth.TestAdminAuth" name="test_admin_me_endpoint" time="0.253" /><testcase classname="backend.tests.test_health_and_auth.TestAdminAuth" name="test_association_settings" time="0.250" /><testcase classname="backend.tests.test_members.TestMembersList" name="test_list_members" time="0.235" /><testcase classname="backend.tests.test_members.TestMembersList" name="test_list_members_unauthorized" time="0.110" /><testcase classname="backend.tests.test_members.TestMemberCRUD" name="test_create_member" time="0.434" /><testcase classname="backend.tests.test_members.TestMemberCRUD" name="test_create_member_missing_required_fields" time="0.255" /><testcase classname="backend.tests.test_members.TestMemberCRUD" name="test_create_member_duplicate_email" time="0.463" /><testcase classname="backend.tests.test_members.TestMemberCRUD" name="test_update_member" time="0.496" /><testcase classname="backend.tests.test_members.TestMemberCRUD" name="test_deactivate_and_activate_member" time="0.596" /><testcase classname="backend.tests.test_members.TestMemberCRUD" name="test_delete_member" time="0.407" /><testcase classname="backend.tests.test_members.TestMemberCRUD" name="test_regenerate_member_token" time="0.462" /><testcase classname="backend.tests.test_members.TestMultiTenantIsolation" name="test_member_isolation_between_associations" time="1.111" /><testcase classname="backend.tests.test_platform_associations.TestAssociationsList" name="test_list_associations" time="0.244" /><testcase classname="backend.tests.test_platform_associations.TestAssociationsList" name="test_list_associations_unauthorized" time="0.116" /><testcase classname="backend.tests.test_platform_associations.TestAssociationCRUD" name="test_create_association" time="0.387" /><testcase classname="backend.tests.test_platform_associations.TestAssociationCRUD" name="test_create_association_duplicate_code" time="0.250" /><testcase classname="backend.tests.test_platform_associations.TestAssociationCRUD" name="test_create_association_missing_fields" time="0.246" /><testcase classname="backend.tests.test_platform_associations.TestAssociationCRUD" name="test_get_association_detail" time="0.297" /><testcase classname="backend.tests.test_platform_associations.TestAssociationCRUD" name="test_toggle_association_status" time="0.521" /><testcase classname="backend.tests.test_platform_associations.TestPlatformStats" name="test_get_platform_stats" time="0.254" /><testcase classname="backend.tests.test_years_and_payments.TestYearsCRUD" name="test_list_years" time="0.281" /><testcase classname="backend.tests.test_years_and_payments.TestYearsCRUD" name="test_get_active_year" time="0.254" /><testcase classname="backend.tests.test_years_and_payments.TestYearsCRUD" name="test_create_year" time="0.319" /><testcase classname="backend.tests.test_years_and_payments.TestYearsCRUD" name="test_create_duplicate_year" time="0.383" /><testcase classname="backend.tests.test_years_and_payments.TestYearsCRUD" name="test_update_year" time="0.354" /><testcase classname="backend.tests.test_years_and_payments.TestYearsCRUD" name="test_activate_year" time="0.398" /><testcase classname="backend.tests.test_years_and_payments.TestPayments" name="test_create_payment" time="0.555" /><testcase classname="backend.tests.test_years_and_payments.TestPayments" name="test_create_payment_invalid_month" time="0.610" /><testcase classname="backend.tests.test_years_and_payments.TestPayments" name="test_get_year_payments" time="0.548" /><testcase classname="backend.tests.test_years_and_payments.TestPayments" name="test_get_member_payments_for_year" time="0.628" /><testcase classname="backend.tests.test_years_and_payments.TestPayments" name="test_payment_stats" time="0.618" /></testsuite></testsuites>