<?xml version="1.0" encoding="utf-8"?><testsuites name="pytest tests"><testsuite name="pytest" errors="0" failures="0" skipped="1" tests="5" time="1.316" timestamp="2026-08-16T16:01:02.795138+00:00" hostname="agent-env-29005b34-f724-4ac0-991e-03704c252822"><testcase classname="backend.tests.test_quick_reconnect.TestQuickReconnect" name="test_login_with_access_token_returns_accessToken_field" time="0.541" /><testcase classname="backend.tests.test_quick_reconnect.TestQuickReconnect" name="test_login_with_invalid_access_token" time="0.254" /><testcase classname="backend.tests.test_quick_reconnect.TestQuickReconnect" name="test_login_without_associationCode" time="0.145" /><testcase classname="backend.tests.test_quick_reconnect.TestQuickReconnect" name="test_login_with_unknown_association" time="0.181" /><testcase classname="backend.tests.test_quick_reconnect.TestQuickReconnect" name="test_admin_login_does_not_return_accessToken" time="0.172"><skipped type="pytest.skip" message="Admin login pre-req unavailable: 404">/app/backend/tests/test_quick_reconnect.py:68: Admin login pre-req unavailable: 404</skipped></testcase></testsuite></testsuites>