<?xml version="1.0" encoding="utf-8"?><testsuites name="pytest tests"><testsuite name="pytest" errors="0" failures="2" skipped="0" tests="22" time="9.684" timestamp="2026-07-20T12:53:20.293751+00:00" hostname="agent-env-29005b34-f724-4ac0-991e-03704c252822"><testcase classname="test_security_fixes.TestHelmetHeaders" name="test_security_headers_present" time="0.296" /><testcase classname="test_security_fixes.TestCorsConfig" name="test_obsolete_domain_rejected" time="0.053" /><testcase classname="test_security_fixes.TestCorsConfig" name="test_allowed_domain_ok" time="0.048" /><testcase classname="test_security_fixes.TestAuthLogin" name="test_super_admin_login" time="0.250" /><testcase classname="test_security_fixes.TestAuthLogin" name="test_admin_login" time="0.319" /><testcase classname="test_security_fixes.TestExports" name="test_export_members_csv" time="0.422" /><testcase classname="test_security_fixes.TestExports" name="test_export_stats_pdf_html" time="0.428" /><testcase classname="test_security_fixes.TestExports" name="test_export_members_csv_no_formula_injection" time="0.430" /><testcase classname="test_security_fixes.TestYearValidation" name="test_year_out_of_range_low" time="0.291" /><testcase classname="test_security_fixes.TestYearValidation" name="test_year_out_of_range_high" time="0.306" /><testcase classname="test_security_fixes.TestYearValidation" name="test_year_negative_amount" time="0.300" /><testcase classname="test_security_fixes.TestYearValidation" name="test_year_zero_amount" time="0.292" /><testcase classname="test_security_fixes.TestEmailValidation" name="test_member_invalid_email_format" time="0.289" /><testcase classname="test_security_fixes.TestEmailValidation" name="test_member_invalid_email_no_domain" time="0.304" /><testcase classname="test_security_fixes.TestEmailValidation" name="test_admin_invalid_email_format" time="0.301" /><testcase classname="test_security_fixes.TestEmailValidation" name="test_platform_association_admin_invalid_email_format" time="0.414" /><testcase classname="test_security_fixes.TestEmailValidation" name="test_platform_superadmin_invalid_email_format" time="0.909"><failure message="AssertionError: Expected 400 with 'Format email invalide' for platform/superadmins. Got 201: {&quot;id&quot;:&quot;91e7e94a-f232-4ffd-9d22-27cd0cd7ed48&quot;,&quot;email&quot;:&quot;invalid-format-dbbfe8&quot;,&quot;name&quot;:&quot;TEST_SA&quot;,&quot;active&quot;:true,&quot;createdAt&quot;:&quot;2026-07-20T12:53:25.382Z&quot;}&#10;assert 201 == 400&#10; +  where 201 = &lt;Response [201]&gt;.status_code">E   AssertionError: Expected 400 with 'Format email invalide' for platform/superadmins. Got 201: {"id":"91e7e94a-f232-4ffd-9d22-27cd0cd7ed48","email":"invalid-format-dbbfe8","name":"TEST_SA","active":true,"createdAt":"2026-07-20T12:53:25.382Z"}
    assert 201 == 400
     +  where 201 = &lt;Response [201]&gt;.status_code</failure></testcase><testcase classname="test_security_fixes.TestPhoneDuplicate" name="test_duplicate_phone_rejected" time="2.077" /><testcase classname="test_security_fixes.TestCryptoToken" name="test_created_member_has_strong_token" time="1.702" /><testcase classname="test_security_fixes.TestPublicRateLimit" name="test_deletion_rate_limit" time="0.048" /><testcase classname="test_security_fixes.TestCleanErrors" name="test_invalid_json_body" time="0.103"><failure message="assert '\\n    at ' not in '{&quot;error&quot;:&quot;U...e:1698:12)&quot;}'&#10;  &#10;  '\\n    at ' is contained here:&#10;    {&quot;error&quot;:&quot;Unexpected token 'n', \&quot;not-json\&quot; is not valid JSON&quot;,&quot;stack&quot;:&quot;SyntaxError: Unexpected token 'n', \&quot;not-json\&quot; is not valid JSON\n    at JSON.parse (&lt;anonymous&gt;)\n    at createStrictSyntaxError (/app/backend/node_modules/body-parser/lib/types/json.js:169:10)\n    at parse (/app/backend/node_modules/body-parser/lib/types/json.js:86:15)\n    at /app/backend/node_modules/body-parser/lib/read.js:128:18\n    at AsyncResource.runInAsyncScope (node:async_hooks:206:9)\n    at invokeCallback (/app/backend/node_modules/raw-body/index.js:238:16)\n    at ...&#10;  &#10;  ...Full output truncated (2 lines hidden), use '-vv' to show">E   assert '\\n    at ' not in '{"error":"U...e:1698:12)"}'
      
      '\\n    at ' is contained here:
        {"error":"Unexpected token 'n', \"not-json\" is not valid JSON","stack":"SyntaxError: Unexpected token 'n', \"not-json\" is not valid JSON\n    at JSON.parse (&lt;anonymous&gt;)\n    at createStrictSyntaxError (/app/backend/node_modules/body-parser/lib/types/json.js:169:10)\n    at parse (/app/backend/node_modules/body-parser/lib/types/json.js:86:15)\n    at /app/backend/node_modules/body-parser/lib/read.js:128:18\n    at AsyncResource.runInAsyncScope (node:async_hooks:206:9)\n    at invokeCallback (/app/backend/node_modules/raw-body/index.js:238:16)\n    at ...
      
      ...Full output truncated (2 lines hidden), use '-vv' to show</failure></testcase><testcase classname="test_security_fixes.TestCleanErrors" name="test_unknown_route_404" time="0.048" /></testsuite></testsuites>