<?xml version="1.0" encoding="utf-8"?><testsuites name="pytest tests"><testsuite name="pytest" errors="0" failures="0" skipped="0" tests="21" time="26.877" timestamp="2026-07-20T16:14:46.855326+00:00" hostname="agent-env-29005b34-f724-4ac0-991e-03704c252822"><testcase classname="test_self_service_associations.TestExistingAuthStillWorks" name="test_super_admin_login_still_works" time="1.131" /><testcase classname="test_self_service_associations.TestExistingAuthStillWorks" name="test_admin_login_still_works" time="0.619" /><testcase classname="test_self_service_associations.TestCheckCode" name="test_check_code_available_for_free_code" time="2.286" /><testcase classname="test_self_service_associations.TestCheckCode" name="test_check_code_taken_for_existing_code" time="0.215" /><testcase classname="test_self_service_associations.TestCheckCode" name="test_check_code_invalid_format_lowercase_ok_because_uppercased" time="0.104" /><testcase classname="test_self_service_associations.TestCheckCode" name="test_check_code_invalid_format_special_chars" time="0.283" /><testcase classname="test_self_service_associations.TestCheckCode" name="test_check_code_invalid_format_too_long" time="0.106" /><testcase classname="test_self_service_associations.TestRegisterAssociation" name="test_register_success_creates_with_self_service_source" time="4.321" /><testcase classname="test_self_service_associations.TestRegisterAssociation" name="test_register_requires_name" time="0.113" /><testcase classname="test_self_service_associations.TestRegisterAssociation" name="test_register_requires_code" time="0.119" /><testcase classname="test_self_service_associations.TestRegisterAssociation" name="test_register_requires_admin_name" time="0.135" /><testcase classname="test_self_service_associations.TestRegisterValidationExtra" name="test_register_requires_email_or_phone" time="2.094" /><testcase classname="test_self_service_associations.TestRegisterValidationExtra" name="test_register_requires_password" time="0.165" /><testcase classname="test_self_service_associations.TestRegisterValidationExtra" name="test_register_password_min_length" time="0.116" /><testcase classname="test_self_service_associations.TestRegisterValidationExtra" name="test_register_invalid_email_format" time="0.135" /><testcase classname="test_self_service_associations.TestRegisterDuplicateCode" name="test_register_duplicate_code_rejected" time="3.722" /><testcase classname="test_self_service_associations.TestAssociationInfo" name="test_info_returns_public_fields_for_valid_code" time="0.259" /><testcase classname="test_self_service_associations.TestAssociationInfo" name="test_info_404_for_invalid_code" time="0.188" /><testcase classname="test_self_service_associations.TestPlatformAssociationsSourceField" name="test_platform_list_includes_source_field" time="0.326" /><testcase classname="test_self_service_associations.TestSuperAdminCreationUnaffected" name="test_super_admin_create_association_still_works" time="2.954" /><testcase classname="test_self_service_associations.TestSelfServiceLimit" name="test_limit_blocks_after_max_reached" time="7.426" /></testsuite></testsuites>